<?xml version="1.0" encoding="UTF-8"?>
<coverage generated="1552313376">
  <project timestamp="1552313376">
    <package name="TDD">
      <file name="C:\xampp\htdocs\unitTest\Ex_Files_TestDev_PHP\PHPUnit\src/Receipt.php">
        <class name="Receipt" namespace="TDD">
          <metrics complexity="7" methods="3" coveredmethods="3" conditionals="0" coveredconditionals="0" statements="9" coveredstatements="9" elements="12" coveredelements="12"/>
        </class>
        <line num="9" type="method" name="total" visibility="public" complexity="4" crap="4" count="5"/>
        <line num="11" type="stmt" count="5"/>
        <line num="12" type="stmt" count="1"/>
        <line num="15" type="stmt" count="4"/>
        <line num="16" type="stmt" count="4"/>
        <line num="17" type="stmt" count="1"/>
        <line num="20" type="stmt" count="3"/>
        <line num="23" type="method" name="tax" visibility="public" complexity="1" crap="1" count="1"/>
        <line num="25" type="stmt" count="1"/>
        <line num="28" type="method" name="postTaxTotal" visibility="public" complexity="2" crap="2" count="2"/>
        <line num="31" type="stmt" count="2"/>
        <line num="33" type="stmt" count="2"/>
        <metrics loc="35" ncloc="33" classes="1" methods="3" coveredmethods="3" conditionals="0" coveredconditionals="0" statements="9" coveredstatements="9" elements="12" coveredelements="12"/>
      </file>
    </package>
    <metrics files="1" loc="35" ncloc="33" classes="1" methods="3" coveredmethods="3" conditionals="0" coveredconditionals="0" statements="9" coveredstatements="9" elements="12" coveredelements="12"/>
  </project>
</coverage>
